<?xml version="1.0" encoding="UTF-8"?>
<testsuite name="Test1" tests="3" skipped="0" failures="0" errors="0" timestamp="2019-02-24T18:22:06" hostname="Tanasins-MacBook-Pro.local" time="0.002">
  <properties/>
  <testcase name="testAreAnagram[0]" classname="Test1" time="0.001"/>
  <testcase name="testAreAnagram[1]" classname="Test1" time="0.0"/>
  <testcase name="testAreAnagram[2]" classname="Test1" time="0.0"/>
  <system-out><![CDATA[]]></system-out>
  <system-err><![CDATA[]]></system-err>
</testsuite>
